Error in <TTree::SetBranchAddress>: unknown branch -> dZ
Error in <TTree::SetBranchAddress>: unknown branch -> FracRVWeightDown01sigma
Error in <TTree::SetBranchAddress>: unknown branch -> FracRVWeightUp01sigma
Error in <TTree::SetBranchAddress>: unknown branch -> LooseMvaSFDown01sigma
Error in <TTree::SetBranchAddress>: unknown branch -> LooseMvaSFUp01sigma
Error in <TTree::SetBranchAddress>: unknown branch -> NNLOPSweight
Error in <TTree::SetBranchAddress>: unknown branch -> PreselSFDown01sigma
Error in <TTree::SetBranchAddress>: unknown branch -> PreselSFUp01sigma
Error in <TTree::SetBranchAddress>: unknown branch -> THU_ggH_Mig01Down01sigma
Error in <TTree::SetBranchAddress>: unknown branch -> THU_ggH_Mig01Up01sigma
Error in <TTree::SetBranchAddress>: unknown branch -> THU_ggH_Mig12Down01sigma
Error in <TTree::SetBranchAddress>: unknown branch -> THU_ggH_Mig12Up01sigma
Error in <TTree::SetBranchAddress>: unknown branch -> THU_ggH_MuDown01sigma
Error in <TTree::SetBranchAddress>: unknown branch -> THU_ggH_MuUp01sigma
Error in <TTree::SetBranchAddress>: unknown branch -> THU_ggH_PT120Down01sigma
Error in <TTree::SetBranchAddress>: unknown branch -> THU_ggH_PT120Up01sigma
Error in <TTree::SetBranchAddress>: unknown branch -> THU_ggH_PT60Down01sigma
Error in <TTree::SetBranchAddress>: unknown branch -> THU_ggH_PT60Up01sigma
Error in <TTree::SetBranchAddress>: unknown branch -> THU_ggH_ResDown01sigma
Error in <TTree::SetBranchAddress>: unknown branch -> THU_ggH_ResUp01sigma
Error in <TTree::SetBranchAddress>: unknown branch -> THU_ggH_VBF2jDown01sigma
Error in <TTree::SetBranchAddress>: unknown branch -> THU_ggH_VBF2jUp01sigma
Error in <TTree::SetBranchAddress>: unknown branch -> THU_ggH_VBF3jDown01sigma
Error in <TTree::SetBranchAddress>: unknown branch -> THU_ggH_VBF3jUp01sigma
Error in <TTree::SetBranchAddress>: unknown branch -> THU_ggH_qmtopDown01sigma
Error in <TTree::SetBranchAddress>: unknown branch -> THU_ggH_qmtopUp01sigma
Error in <TTree::SetBranchAddress>: unknown branch -> TriggerWeightDown01sigma
Error in <TTree::SetBranchAddress>: unknown branch -> TriggerWeightUp01sigma
Error in <TTree::SetBranchAddress>: unknown branch -> centralObjectWeight
Error in <TTree::SetBranchAddress>: unknown branch -> electronVetoSFDown01sigma
Error in <TTree::SetBranchAddress>: unknown branch -> electronVetoSFUp01sigma
